# JRE version: OpenJDK Runtime Environment (8.0_242-b01) (build 1.8.0_242-release-1644-b01)
# Java VM: OpenJDK 64-Bit Server VM (25.242-b01 mixed mode windows-amd64 compressed oops)
Heap:
 PSYoungGen      total 402944K, used 320097K [0x00000000d5580000, 0x00000000f0280000, 0x0000000100000000)
  eden space 370176K, 81% used [0x00000000d5580000,0x00000000e7abe588,0x00000000ebf00000)
  from space 32768K, 60% used [0x00000000edf00000,0x00000000ef25a120,0x00000000eff00000)
  to   space 32768K, 0% used [0x00000000ebf00000,0x00000000ebf00000,0x00000000edf00000)
 ParOldGen       total 123904K, used 62248K [0x0000000080000000, 0x0000000087900000, 0x00000000d5580000)
  object space 123904K, 50% used [0x0000000080000000,0x0000000083cca188,0x0000000087900000)
 Metaspace       used 82446K, capacity 87378K, committed 87464K, reserved 1124352K
  class space    used 11245K, capacity 12184K, committed 12208K, reserved 1048576K
GC Heap History (10 events):
Event: 12.849 GC heap before
{Heap before GC invocations=14 (full 2):
 PSYoungGen      total 170496K, used 70303K [0x00000000d5580000, 0x00000000e3080000, 0x0000000100000000)
  eden space 158720K, 36% used [0x00000000d5580000,0x00000000d8eae050,0x00000000df080000)
  from space 11776K, 99% used [0x00000000df080000,0x00000000dfbf9e38,0x00000000dfc00000)
  to   space 16896K, 0% used [0x00000000e2000000,0x00000000e2000000,0x00000000e3080000)
 ParOldGen       total 79360K, used 25573K [0x0000000080000000, 0x0000000084d80000, 0x00000000d5580000)
  object space 79360K, 32% used [0x0000000080000000,0x00000000818f95e8,0x0000000084d80000)
 Metaspace       used 56710K, capacity 59058K, committed 59160K, reserved 1099776K
  class space    used 7767K, capacity 8266K, committed 8368K, reserved 1048576K
Event: 12.874 GC heap after
Heap after GC invocations=14 (full 2):
 PSYoungGen      total 207872K, used 6434K [0x00000000d5580000, 0x00000000e4380000, 0x0000000100000000)
  eden space 190976K, 0% used [0x00000000d5580000,0x00000000d5580000,0x00000000e1000000)
  from space 16896K, 38% used [0x00000000e2000000,0x00000000e2648928,0x00000000e3080000)
  to   space 16384K, 0% used [0x00000000e1000000,0x00000000e1000000,0x00000000e2000000)
 ParOldGen       total 79360K, used 35041K [0x0000000080000000, 0x0000000084d80000, 0x00000000d5580000)
  object space 79360K, 44% used [0x0000000080000000,0x0000000082238478,0x0000000084d80000)
 Metaspace       used 56710K, capacity 59058K, committed 59160K, reserved 1099776K
  class space    used 7767K, capacity 8266K, committed 8368K, reserved 1048576K
}
Event: 12.874 GC heap before
{Heap before GC invocations=15 (full 3):
 PSYoungGen      total 207872K, used 6434K [0x00000000d5580000, 0x00000000e4380000, 0x0000000100000000)
  eden space 190976K, 0% used [0x00000000d5580000,0x00000000d5580000,0x00000000e1000000)
  from space 16896K, 38% used [0x00000000e2000000,0x00000000e2648928,0x00000000e3080000)
  to   space 16384K, 0% used [0x00000000e1000000,0x00000000e1000000,0x00000000e2000000)
 ParOldGen       total 79360K, used 35041K [0x0000000080000000, 0x0000000084d80000, 0x00000000d5580000)
  object space 79360K, 44% used [0x0000000080000000,0x0000000082238478,0x0000000084d80000)
 Metaspace       used 56710K, capacity 59058K, committed 59160K, reserved 1099776K
  class space    used 7767K, capacity 8266K, committed 8368K, reserved 1048576K
Event: 13.087 GC heap after
Heap after GC invocations=15 (full 3):
 PSYoungGen      total 207872K, used 0K [0x00000000d5580000, 0x00000000e4380000, 0x0000000100000000)
  eden space 190976K, 0% used [0x00000000d5580000,0x00000000d5580000,0x00000000e1000000)
  from space 16896K, 0% used [0x00000000e2000000,0x00000000e2000000,0x00000000e3080000)
  to   space 16384K, 0% used [0x00000000e1000000,0x00000000e1000000,0x00000000e2000000)
 ParOldGen       total 123904K, used 32037K [0x0000000080000000, 0x0000000087900000, 0x00000000d5580000)
  object space 123904K, 25% used [0x0000000080000000,0x0000000081f49700,0x0000000087900000)
 Metaspace       used 56689K, capacity 58986K, committed 59160K, reserved 1099776K
  class space    used 7760K, capacity 8254K, committed 8368K, reserved 1048576K
}
Event: 18.749 GC heap before
{Heap before GC invocations=16 (full 3):
 PSYoungGen      total 207872K, used 190976K [0x00000000d5580000, 0x00000000e4380000, 0x0000000100000000)
  eden space 190976K, 100% used [0x00000000d5580000,0x00000000e1000000,0x00000000e1000000)
  from space 16896K, 0% used [0x00000000e2000000,0x00000000e2000000,0x00000000e3080000)
  to   space 16384K, 0% used [0x00000000e1000000,0x00000000e1000000,0x00000000e2000000)
 ParOldGen       total 123904K, used 32037K [0x0000000080000000, 0x0000000087900000, 0x00000000d5580000)
  object space 123904K, 25% used [0x0000000080000000,0x0000000081f49700,0x0000000087900000)
 Metaspace       used 65551K, capacity 68526K, committed 68776K, reserved 1107968K
  class space    used 9052K, capacity 9628K, committed 9648K, reserved 1048576K
Event: 18.769 GC heap after
Heap after GC invocations=16 (full 3):
 PSYoungGen      total 207360K, used 15021K [0x00000000d5580000, 0x00000000e5e80000, 0x0000000100000000)
  eden space 190976K, 0% used [0x00000000d5580000,0x00000000d5580000,0x00000000e1000000)
  from space 16384K, 91% used [0x00000000e1000000,0x00000000e1eab658,0x00000000e2000000)
  to   space 18432K, 0% used [0x00000000e4c80000,0x00000000e4c80000,0x00000000e5e80000)
 ParOldGen       total 123904K, used 32045K [0x0000000080000000, 0x0000000087900000, 0x00000000d5580000)
  object space 123904K, 25% used [0x0000000080000000,0x0000000081f4b700,0x0000000087900000)
 Metaspace       used 65551K, capacity 68526K, committed 68776K, reserved 1107968K
  class space    used 9052K, capacity 9628K, committed 9648K, reserved 1048576K
}
Event: 21.174 GC heap before
{Heap before GC invocations=17 (full 3):
 PSYoungGen      total 207360K, used 205997K [0x00000000d5580000, 0x00000000e5e80000, 0x0000000100000000)
  eden space 190976K, 100% used [0x00000000d5580000,0x00000000e1000000,0x00000000e1000000)
  from space 16384K, 91% used [0x00000000e1000000,0x00000000e1eab658,0x00000000e2000000)
  to   space 18432K, 0% used [0x00000000e4c80000,0x00000000e4c80000,0x00000000e5e80000)
 ParOldGen       total 123904K, used 32045K [0x0000000080000000, 0x0000000087900000, 0x00000000d5580000)
  object space 123904K, 25% used [0x0000000080000000,0x0000000081f4b700,0x0000000087900000)
 Metaspace       used 76073K, capacity 80172K, committed 80296K, reserved 1118208K
  class space    used 10598K, capacity 11407K, committed 11440K, reserved 1048576K
Event: 21.200 GC heap after
Heap after GC invocations=17 (full 3):
 PSYoungGen      total 246272K, used 18420K [0x00000000d5580000, 0x00000000e6980000, 0x0000000100000000)
  eden space 227840K, 0% used [0x00000000d5580000,0x00000000d5580000,0x00000000e3400000)
  from space 18432K, 99% used [0x00000000e4c80000,0x00000000e5e7d230,0x00000000e5e80000)
  to   space 25088K, 0% used [0x00000000e3400000,0x00000000e3400000,0x00000000e4c80000)
 ParOldGen       total 123904K, used 44359K [0x0000000080000000, 0x0000000087900000, 0x00000000d5580000)
  object space 123904K, 35% used [0x0000000080000000,0x0000000082b51e18,0x0000000087900000)
 Metaspace       used 76073K, capacity 80172K, committed 80296K, reserved 1118208K
  class space    used 10598K, capacity 11407K, committed 11440K, reserved 1048576K
}
Event: 25.420 GC heap before
{Heap before GC invocations=18 (full 3):
 PSYoungGen      total 246272K, used 246260K [0x00000000d5580000, 0x00000000e6980000, 0x0000000100000000)
  eden space 227840K, 100% used [0x00000000d5580000,0x00000000e3400000,0x00000000e3400000)
  from space 18432K, 99% used [0x00000000e4c80000,0x00000000e5e7d230,0x00000000e5e80000)
  to   space 25088K, 0% used [0x00000000e3400000,0x00000000e3400000,0x00000000e4c80000)
 ParOldGen       total 123904K, used 44359K [0x0000000080000000, 0x0000000087900000, 0x00000000d5580000)
  object space 123904K, 35% used [0x0000000080000000,0x0000000082b51e18,0x0000000087900000)
 Metaspace       used 80408K, capacity 85148K, committed 85288K, reserved 1122304K
  class space    used 11089K, capacity 11967K, committed 12080K, reserved 1048576K
Event: 25.537 GC heap after
Heap after GC invocations=18 (full 3):
 PSYoungGen      total 252928K, used 21493K [0x00000000d5580000, 0x00000000ea080000, 0x0000000100000000)
  eden space 227840K, 0% used [0x00000000d5580000,0x00000000d5580000,0x00000000e3400000)
  from space 25088K, 85% used [0x00000000e3400000,0x00000000e48fd4d0,0x00000000e4c80000)
  to   space 27648K, 0% used [0x00000000e8580000,0x00000000e8580000,0x00000000ea080000)
 ParOldGen       total 123904K, used 62224K [0x0000000080000000, 0x0000000087900000, 0x00000000d5580000)
  object space 123904K, 50% used [0x0000000080000000,0x0000000083cc4188,0x0000000087900000)
 Metaspace       used 80408K, capacity 85148K, committed 85288K, reserved 1122304K
  class space    used 11089K, capacity 11967K, committed 12080K, reserved 1048576K
}

