# JRE version: OpenJDK Runtime Environment (8.0_242-b01) (build 1.8.0_242-release-1644-b01)
# Java VM: OpenJDK 64-Bit Server VM (25.242-b01 mixed mode windows-amd64 compressed oops)
Heap:
 PSYoungGen      total 383488K, used 87592K [0x00000000d5580000, 0x00000000efe00000, 0x0000000100000000)
  eden space 332288K, 21% used [0x00000000d5580000,0x00000000d9cbb6a0,0x00000000e9a00000)
  from space 51200K, 32% used [0x00000000e9a00000,0x00000000eaa22488,0x00000000ecc00000)
  to   space 46592K, 0% used [0x00000000ed080000,0x00000000ed080000,0x00000000efe00000)
 ParOldGen       total 200192K, used 146353K [0x0000000080000000, 0x000000008c380000, 0x00000000d5580000)
  object space 200192K, 73% used [0x0000000080000000,0x0000000088eec4c8,0x000000008c380000)
 Metaspace       used 107322K, capacity 112600K, committed 112716K, reserved 1146880K
  class space    used 13862K, capacity 14866K, committed 14976K, reserved 1048576K
GC Heap History (10 events):
Event: 2383.688 GC heap before
{Heap before GC invocations=31 (full 4):
 PSYoungGen      total 247808K, used 230165K [0x00000000d5580000, 0x00000000e8d80000, 0x0000000100000000)
  eden space 191488K, 100% used [0x00000000d5580000,0x00000000e1080000,0x00000000e1080000)
  from space 56320K, 68% used [0x00000000e4a80000,0x00000000e70456a0,0x00000000e8180000)
  to   space 59392K, 0% used [0x00000000e1080000,0x00000000e1080000,0x00000000e4a80000)
 ParOldGen       total 200192K, used 72470K [0x0000000080000000, 0x000000008c380000, 0x00000000d5580000)
  object space 200192K, 36% used [0x0000000080000000,0x00000000846c58f0,0x000000008c380000)
 Metaspace       used 105601K, capacity 110406K, committed 110668K, reserved 1144832K
  class space    used 13666K, capacity 14589K, committed 14720K, reserved 1048576K
Event: 2383.730 GC heap after
Heap after GC invocations=31 (full 4):
 PSYoungGen      total 250880K, used 10170K [0x00000000d5580000, 0x00000000ea900000, 0x0000000100000000)
  eden space 191488K, 0% used [0x00000000d5580000,0x00000000d5580000,0x00000000e1080000)
  from space 59392K, 17% used [0x00000000e1080000,0x00000000e1a6e820,0x00000000e4a80000)
  to   space 57856K, 0% used [0x00000000e7080000,0x00000000e7080000,0x00000000ea900000)
 ParOldGen       total 200192K, used 102688K [0x0000000080000000, 0x000000008c380000, 0x00000000d5580000)
  object space 200192K, 51% used [0x0000000080000000,0x00000000864483f8,0x000000008c380000)
 Metaspace       used 105601K, capacity 110406K, committed 110668K, reserved 1144832K
  class space    used 13666K, capacity 14589K, committed 14720K, reserved 1048576K
}
Event: 2384.489 GC heap before
{Heap before GC invocations=32 (full 4):
 PSYoungGen      total 250880K, used 201658K [0x00000000d5580000, 0x00000000ea900000, 0x0000000100000000)
  eden space 191488K, 100% used [0x00000000d5580000,0x00000000e1080000,0x00000000e1080000)
  from space 59392K, 17% used [0x00000000e1080000,0x00000000e1a6e820,0x00000000e4a80000)
  to   space 57856K, 0% used [0x00000000e7080000,0x00000000e7080000,0x00000000ea900000)
 ParOldGen       total 200192K, used 102688K [0x0000000080000000, 0x000000008c380000, 0x00000000d5580000)
  object space 200192K, 51% used [0x0000000080000000,0x00000000864483f8,0x000000008c380000)
 Metaspace       used 105628K, capacity 110412K, committed 110668K, reserved 1144832K
  class space    used 13667K, capacity 14590K, committed 14720K, reserved 1048576K
Event: 2384.520 GC heap after
Heap after GC invocations=32 (full 4):
 PSYoungGen      total 288768K, used 5748K [0x00000000d5580000, 0x00000000ea800000, 0x0000000100000000)
  eden space 231936K, 0% used [0x00000000d5580000,0x00000000d5580000,0x00000000e3800000)
  from space 56832K, 10% used [0x00000000e7080000,0x00000000e761d060,0x00000000ea800000)
  to   space 57344K, 0% used [0x00000000e3800000,0x00000000e3800000,0x00000000e7000000)
 ParOldGen       total 200192K, used 109199K [0x0000000080000000, 0x000000008c380000, 0x00000000d5580000)
  object space 200192K, 54% used [0x0000000080000000,0x0000000086aa3e70,0x000000008c380000)
 Metaspace       used 105628K, capacity 110412K, committed 110668K, reserved 1144832K
  class space    used 13667K, capacity 14590K, committed 14720K, reserved 1048576K
}
Event: 2385.437 GC heap before
{Heap before GC invocations=33 (full 4):
 PSYoungGen      total 288768K, used 237684K [0x00000000d5580000, 0x00000000ea800000, 0x0000000100000000)
  eden space 231936K, 100% used [0x00000000d5580000,0x00000000e3800000,0x00000000e3800000)
  from space 56832K, 10% used [0x00000000e7080000,0x00000000e761d060,0x00000000ea800000)
  to   space 57344K, 0% used [0x00000000e3800000,0x00000000e3800000,0x00000000e7000000)
 ParOldGen       total 200192K, used 109199K [0x0000000080000000, 0x000000008c380000, 0x00000000d5580000)
  object space 200192K, 54% used [0x0000000080000000,0x0000000086aa3e70,0x000000008c380000)
 Metaspace       used 105730K, capacity 110524K, committed 110668K, reserved 1144832K
  class space    used 13681K, capacity 14624K, committed 14720K, reserved 1048576K
Event: 2385.461 GC heap after
Heap after GC invocations=33 (full 4):
 PSYoungGen      total 289280K, used 4535K [0x00000000d5580000, 0x00000000ed480000, 0x0000000100000000)
  eden space 231936K, 0% used [0x00000000d5580000,0x00000000d5580000,0x00000000e3800000)
  from space 57344K, 7% used [0x00000000e3800000,0x00000000e3c6dfa0,0x00000000e7000000)
  to   space 56320K, 0% used [0x00000000e9d80000,0x00000000e9d80000,0x00000000ed480000)
 ParOldGen       total 200192K, used 114182K [0x0000000080000000, 0x000000008c380000, 0x00000000d5580000)
  object space 200192K, 57% used [0x0000000080000000,0x0000000086f81bc8,0x000000008c380000)
 Metaspace       used 105730K, capacity 110524K, committed 110668K, reserved 1144832K
  class space    used 13681K, capacity 14624K, committed 14720K, reserved 1048576K
}
Event: 2386.500 GC heap before
{Heap before GC invocations=34 (full 4):
 PSYoungGen      total 289280K, used 236471K [0x00000000d5580000, 0x00000000ed480000, 0x0000000100000000)
  eden space 231936K, 100% used [0x00000000d5580000,0x00000000e3800000,0x00000000e3800000)
  from space 57344K, 7% used [0x00000000e3800000,0x00000000e3c6dfa0,0x00000000e7000000)
  to   space 56320K, 0% used [0x00000000e9d80000,0x00000000e9d80000,0x00000000ed480000)
 ParOldGen       total 200192K, used 114182K [0x0000000080000000, 0x000000008c380000, 0x00000000d5580000)
  object space 200192K, 57% used [0x0000000080000000,0x0000000086f81bc8,0x000000008c380000)
 Metaspace       used 105758K, capacity 110588K, committed 110924K, reserved 1144832K
  class space    used 13681K, capacity 14624K, committed 14720K, reserved 1048576K
Event: 2386.538 GC heap after
Heap after GC invocations=34 (full 4):
 PSYoungGen      total 333824K, used 3730K [0x00000000d5580000, 0x00000000ed280000, 0x0000000100000000)
  eden space 279552K, 0% used [0x00000000d5580000,0x00000000d5580000,0x00000000e6680000)
  from space 54272K, 6% used [0x00000000e9d80000,0x00000000ea124850,0x00000000ed280000)
  to   space 55296K, 0% used [0x00000000e6680000,0x00000000e6680000,0x00000000e9c80000)
 ParOldGen       total 200192K, used 117915K [0x0000000080000000, 0x000000008c380000, 0x00000000d5580000)
  object space 200192K, 58% used [0x0000000080000000,0x0000000087326e88,0x000000008c380000)
 Metaspace       used 105758K, capacity 110588K, committed 110924K, reserved 1144832K
  class space    used 13681K, capacity 14624K, committed 14720K, reserved 1048576K
}
Event: 2387.819 GC heap before
{Heap before GC invocations=35 (full 4):
 PSYoungGen      total 333824K, used 283282K [0x00000000d5580000, 0x00000000ed280000, 0x0000000100000000)
  eden space 279552K, 100% used [0x00000000d5580000,0x00000000e6680000,0x00000000e6680000)
  from space 54272K, 6% used [0x00000000e9d80000,0x00000000ea124850,0x00000000ed280000)
  to   space 55296K, 0% used [0x00000000e6680000,0x00000000e6680000,0x00000000e9c80000)
 ParOldGen       total 200192K, used 117915K [0x0000000080000000, 0x000000008c380000, 0x00000000d5580000)
  object space 200192K, 58% used [0x0000000080000000,0x0000000087326e88,0x000000008c380000)
 Metaspace       used 107007K, capacity 112224K, committed 112460K, reserved 1146880K
  class space    used 13857K, capacity 14864K, committed 14976K, reserved 1048576K
Event: 2387.852 GC heap after
Heap after GC invocations=35 (full 4):
 PSYoungGen      total 334848K, used 11063K [0x00000000d5580000, 0x00000000f0400000, 0x0000000100000000)
  eden space 279552K, 0% used [0x00000000d5580000,0x00000000d5580000,0x00000000e6680000)
  from space 55296K, 20% used [0x00000000e6680000,0x00000000e714de00,0x00000000e9c80000)
  to   space 52736K, 0% used [0x00000000ed080000,0x00000000ed080000,0x00000000f0400000)
 ParOldGen       total 200192K, used 120778K [0x0000000080000000, 0x000000008c380000, 0x00000000d5580000)
  object space 200192K, 60% used [0x0000000080000000,0x00000000875f2ba0,0x000000008c380000)
 Metaspace       used 107007K, capacity 112224K, committed 112460K, reserved 1146880K
  class space    used 13857K, capacity 14864K, committed 14976K, reserved 1048576K
}

